<?xml version="1.0" encoding="UTF-8"?>
<testng-results ignored="0" total="1" passed="1" failed="0" skipped="0">
  <reporter-output>
  </reporter-output>
  <suite started-at="2023-03-20T13:08:59 IST" name="Suite" finished-at="2023-03-20T13:09:18 IST" duration-ms="19295">
    <groups>
    </groups>
    <test started-at="2023-03-20T13:08:59 IST" name="Test" finished-at="2023-03-20T13:09:18 IST" duration-ms="19295">
      <class name="com.origin.tests.Controller">
        <test-method signature="control()[pri:0, instance:com.origin.tests.Controller@77fbd92c]" started-at="2023-03-20T13:08:59 IST" name="control" finished-at="2023-03-20T13:09:18 IST" duration-ms="19269" status="PASS">
          <reporter-output>
          </reporter-output>
        </test-method> <!-- control -->
      </class> <!-- com.origin.tests.Controller -->
    </test> <!-- Test -->
  </suite> <!-- Suite -->
</testng-results>
